<?xml version="1.0" encoding="UTF-8"?>
<!-- Generated by org.testng.reporters.JUnitXMLReporter -->
<testsuite ignored="16" hostname="UPENDAR1998" failures="0" tests="15" name="Test-Runner2" time="362.437" errors="0" timestamp="2023-04-04T00:19:39 IST">
  <testcase classname="contacts_Tests.CreateContact_with_OrganizationTest" name="createContactWith_Organization" time="21.681">
    <skipped/>
  </testcase> <!-- createContactWith_Organization -->
  <testcase classname="contacts_Tests.CreateContact_with_OrganizationTest" name="createContactWith_Organization" time="21.26">
    <skipped/>
  </testcase> <!-- createContactWith_Organization -->
  <testcase classname="contacts_Tests.CreateContact_with_OrganizationTest" name="createContactWith_Organization" time="22.542"/>
  <testcase classname="contacts_Tests.Create_Contact_Test" name="createContact" time="20.666">
    <skipped/>
  </testcase> <!-- createContact -->
  <testcase classname="contacts_Tests.Create_Contact_Test" name="createContact" time="20.7">
    <skipped/>
  </testcase> <!-- createContact -->
  <testcase classname="contacts_Tests.Create_Contact_Test" name="createContact" time="20.575">
    <skipped/>
  </testcase> <!-- createContact -->
  <testcase classname="contacts_Tests.Create_Contact_Test" name="createContact" time="10.261"/>
  <testcase classname="organization_Tests.Create_OrganizationTest" name="createOrganization" time="21.155">
    <skipped/>
  </testcase> <!-- createOrganization -->
  <testcase classname="organization_Tests.Create_OrganizationTest" name="createOrganization" time="10.153"/>
  <testcase classname="organization_Tests.Create_OrganizationTest" name="sampleTest" time="0.0"/>
  <testcase classname="organization_Tests.Create_OrgWithIndustry_TypeTest" name="createOrganizationWith_IndustryType" time="10.458"/>
  <testcase classname="organization_Tests.CreateOrganizationWith_IndustryTest" name="createOrganization_WithIndustry" time="21.235">
    <skipped/>
  </testcase> <!-- createOrganization_WithIndustry -->
  <testcase classname="organization_Tests.CreateOrganizationWith_IndustryTest" name="createOrganization_WithIndustry" time="21.279">
    <skipped/>
  </testcase> <!-- createOrganization_WithIndustry -->
  <testcase classname="organization_Tests.CreateOrganizationWith_IndustryTest" name="createOrganization_WithIndustry" time="21.215">
    <skipped/>
  </testcase> <!-- createOrganization_WithIndustry -->
  <testcase classname="organization_Tests.CreateOrganizationWith_IndustryTest" name="createOrganization_WithIndustry" time="10.782"/>
  <testcase classname="generic_Utilities.BaseClass" name="@AfterTest AfterTest" time="0.0">
    <ignored/>
  </testcase> <!-- @AfterTest AfterTest -->
  <testcase classname="generic_Utilities.BaseClass" name="@AfterTest AfterTest" time="0.0">
    <ignored/>
  </testcase> <!-- @AfterTest AfterTest -->
  <testcase classname="generic_Utilities.BaseClass" name="@AfterTest AfterTest" time="0.0">
    <ignored/>
  </testcase> <!-- @AfterTest AfterTest -->
  <testcase classname="generic_Utilities.BaseClass" name="@AfterTest AfterTest" time="0.0">
    <ignored/>
  </testcase> <!-- @AfterTest AfterTest -->
  <testcase classname="generic_Utilities.BaseClass" name="@BeforeTest BeforeTest" time="0.0">
    <ignored/>
  </testcase> <!-- @BeforeTest BeforeTest -->
  <testcase classname="generic_Utilities.BaseClass" name="@BeforeTest BeforeTest" time="0.0">
    <ignored/>
  </testcase> <!-- @BeforeTest BeforeTest -->
  <testcase classname="generic_Utilities.BaseClass" name="@BeforeTest BeforeTest" time="0.0">
    <ignored/>
  </testcase> <!-- @BeforeTest BeforeTest -->
  <testcase classname="generic_Utilities.BaseClass" name="@BeforeTest BeforeTest" time="0.0">
    <ignored/>
  </testcase> <!-- @BeforeTest BeforeTest -->
  <testcase classname="generic_Utilities.BaseClass" name="@BeforeSuite BeforeSuite" time="0.0">
    <ignored/>
  </testcase> <!-- @BeforeSuite BeforeSuite -->
  <testcase classname="generic_Utilities.BaseClass" name="@BeforeSuite BeforeSuite" time="0.0">
    <ignored/>
  </testcase> <!-- @BeforeSuite BeforeSuite -->
  <testcase classname="generic_Utilities.BaseClass" name="@BeforeSuite BeforeSuite" time="0.0">
    <ignored/>
  </testcase> <!-- @BeforeSuite BeforeSuite -->
  <testcase classname="generic_Utilities.BaseClass" name="@BeforeSuite BeforeSuite" time="0.0">
    <ignored/>
  </testcase> <!-- @BeforeSuite BeforeSuite -->
  <testcase classname="generic_Utilities.BaseClass" name="@AfterSuite AfterSuite" time="0.0">
    <ignored/>
  </testcase> <!-- @AfterSuite AfterSuite -->
  <testcase classname="generic_Utilities.BaseClass" name="@AfterSuite AfterSuite" time="0.0">
    <ignored/>
  </testcase> <!-- @AfterSuite AfterSuite -->
  <testcase classname="generic_Utilities.BaseClass" name="@AfterSuite AfterSuite" time="0.0">
    <ignored/>
  </testcase> <!-- @AfterSuite AfterSuite -->
  <testcase classname="generic_Utilities.BaseClass" name="@AfterSuite AfterSuite" time="0.0">
    <ignored/>
  </testcase> <!-- @AfterSuite AfterSuite -->
</testsuite> <!-- Test-Runner2 -->
