<?xml version="1.0" encoding="UTF-8"?>
<!-- Generated by org.testng.reporters.JUnitReportReporter -->
<testsuite hostname="UPENDAR1998" failures="0" tests="2" name="contacts_Tests.Create_Contact_Test" time="38.959" errors="0" timestamp="2023-04-04T15:48:28 IST" skipped="0">
  <testcase classname="contacts_Tests.Create_Contact_Test" name="createContact" time="19.644"/>
  <system-out>
    <![CDATA[Click on Contacts Link Sucessful
Click on Contacts Lookup image Sucessful
Enter Last name Using Excel Utility Sucessful
Contact Created Sucessfully]]>
  </system-out>
  <testcase classname="contacts_Tests.Create_Contact_Test" name="createContact" time="19.315"/>
  <system-out>
    <![CDATA[Click on Contacts Link Sucessful
Click on Contacts Lookup image Sucessful
Enter Last name Using Excel Utility Sucessful
Contact Created Sucessfully]]>
  </system-out>
</testsuite> <!-- contacts_Tests.Create_Contact_Test -->
