<?xml version="1.0" encoding="UTF-8"?>
<!-- Generated by org.testng.reporters.JUnitReportReporter -->
<testsuite hostname="UPENDAR1998" failures="0" tests="4" name="organization_Tests.CreateOrganizationWith_IndustryTest" time="51.667" errors="0" timestamp="2023-04-04T15:48:28 IST" skipped="0">
  <testcase classname="organization_Tests.CreateOrganizationWith_IndustryTest" name="demoScript" time="4.417"/>
  <system-out/>
  <testcase classname="organization_Tests.CreateOrganizationWith_IndustryTest" name="createOrganization_WithIndustry" time="21.930"/>
  <system-out>
    <![CDATA[Click on Organizations Link Sucess
Click on Organization lookup image Sucessful
Enter Organization name and Industry Type Using Excel utility Sucessful]]>
  </system-out>
  <testcase classname="organization_Tests.CreateOrganizationWith_IndustryTest" name="createOrganization_WithIndustry" time="22.012"/>
  <system-out>
    <![CDATA[Click on Organizations Link Sucess
Click on Organization lookup image Sucessful
Enter Organization name and Industry Type Using Excel utility Sucessful]]>
  </system-out>
  <testcase classname="organization_Tests.CreateOrganizationWith_IndustryTest" name="demoScript" time="3.308"/>
  <system-out/>
</testsuite> <!-- organization_Tests.CreateOrganizationWith_IndustryTest -->
