<?xml version="1.0" encoding="UTF-8"?>
<!-- Generated by org.testng.reporters.JUnitReportReporter -->
<testsuite hostname="UPENDAR1998" failures="0" tests="1" name="practice.ReadDataFromCmdLine" time="0.032" errors="0" timestamp="2023-04-04T19:25:22 IST" skipped="0">
  <testcase classname="practice.ReadDataFromCmdLine" name="readData" time="0.032"/>
  <system-out/>
</testsuite> <!-- practice.ReadDataFromCmdLine -->
