<?xml version="1.0" encoding="UTF-8"?>
<!-- Generated by org.testng.reporters.JUnitReportReporter -->
<testsuite hostname="UPENDAR1998" failures="0" tests="4" name="organization_Tests.Create_OrganizationTest" time="51.256" errors="0" timestamp="2023-04-04T15:48:28 IST" skipped="0">
  <testcase classname="organization_Tests.Create_OrganizationTest" name="sampleTest" time="6.293"/>
  <system-out/>
  <testcase classname="organization_Tests.Create_OrganizationTest" name="createOrganization" time="19.853"/>
  <system-out>
    <![CDATA[Click on Organizations Link Sucess
Click on Organization lookup image Sucessful
Enter Organization name Using Excel utility Sucessful
Organization Created Sucessfully]]>
  </system-out>
  <testcase classname="organization_Tests.Create_OrganizationTest" name="createOrganization" time="20.866"/>
  <system-out>
    <![CDATA[Click on Organizations Link Sucess
Click on Organization lookup image Sucessful
Enter Organization name Using Excel utility Sucessful
Organization Created Sucessfully]]>
  </system-out>
  <testcase classname="organization_Tests.Create_OrganizationTest" name="sampleTest" time="4.244"/>
  <system-out/>
</testsuite> <!-- organization_Tests.Create_OrganizationTest -->
