<?xml version="1.0" encoding="UTF-8"?>
<!-- Generated by org.testng.reporters.JUnitReportReporter -->
<testsuite hostname="UPENDAR1998" failures="0" tests="1" name="practice.sample" time="6.804" errors="0" timestamp="2023-04-03T22:57:22 IST" skipped="0">
  <testcase classname="practice.sample" name="sampleTest" time="6.804"/>
  <system-out/>
</testsuite> <!-- practice.sample -->
