<?xml version="1.0" encoding="UTF-8"?>
<!-- Generated by org.testng.reporters.JUnitReportReporter -->
<testsuite hostname="UPENDAR1998" failures="0" tests="2" name="organization_Tests.Create_OrgWithIndustry_TypeTest" time="39.763" errors="0" timestamp="2023-04-04T15:48:28 IST" skipped="0">
  <testcase classname="organization_Tests.Create_OrgWithIndustry_TypeTest" name="createOrganizationWith_IndustryType" time="19.934"/>
  <system-out>
    <![CDATA[Click on Organizations Link Sucess
Click on Organization lookup image Sucessful
Enter Organization name and Industry and Type Using Excel utility Sucessful]]>
  </system-out>
  <testcase classname="organization_Tests.Create_OrgWithIndustry_TypeTest" name="createOrganizationWith_IndustryType" time="19.829"/>
  <system-out>
    <![CDATA[Click on Organizations Link Sucess
Click on Organization lookup image Sucessful
Enter Organization name and Industry and Type Using Excel utility Sucessful]]>
  </system-out>
</testsuite> <!-- organization_Tests.Create_OrgWithIndustry_TypeTest -->
